# JRE version: OpenJDK Runtime Environment Temurin-21.0.10+7 (21.0.10+7) (build 21.0.10+7-LTS)
# Java VM: OpenJDK 64-Bit Server VM Temurin-21.0.10+7 (21.0.10+7-LTS, mixed mode, sharing, tiered, compressed oops, compressed class ptrs, parallel gc, windows-amd64)
GC Precious Log:
 CardTable entry size: 512
 CPUs: 8 total, 8 available
 Memory: 7873M
 Large Page Support: Disabled
 NUMA Support: Disabled
 Compressed Oops: Enabled (32-bit)
 Alignments: Space 512K, Generation 512K, Heap 2M
 Heap Min Capacity: 100M
 Heap Initial Capacity: 100M
 Heap Max Capacity: 2G
 Pre-touch: Disabled
 Parallel Workers: 8
Heap:
 PSYoungGen      total 3072K, used 1770K [0x00000000d5580000, 0x00000000d5980000, 0x0000000100000000)
  eden space 2560K, 59% used [0x00000000d5580000,0x00000000d56fa858,0x00000000d5800000)
  from space 512K, 50% used [0x00000000d5880000,0x00000000d58c0000,0x00000000d5900000)
  to   space 512K, 0% used [0x00000000d5900000,0x00000000d5900000,0x00000000d5980000)
 ParOldGen       total 522752K, used 408917K [0x0000000080000000, 0x000000009fe80000, 0x00000000d5580000)
  object space 522752K, 78% used [0x0000000080000000,0x0000000098f555f0,0x000000009fe80000)
 Metaspace       used 70505K, committed 72064K, reserved 1114112K
  class space    used 7077K, committed 7808K, reserved 1048576K
GC Heap History (20 events):
Event: 215.303 GC heap before
{Heap before GC invocations=710 (full 4):
 PSYoungGen      total 2048K, used 1856K [0x00000000d5580000, 0x00000000d5a00000, 0x0000000100000000)
  eden space 1536K, 100% used [0x00000000d5580000,0x00000000d5700000,0x00000000d5700000)
  from space 512K, 62% used [0x00000000d5900000,0x00000000d5950000,0x00000000d5980000)
  to   space 512K, 0% used [0x00000000d5980000,0x00000000d5980000,0x00000000d5a00000)
 ParOldGen       total 522752K, used 375773K [0x0000000080000000, 0x000000009fe80000, 0x00000000d5580000)
  object space 522752K, 71% used [0x0000000080000000,0x0000000096ef7428,0x000000009fe80000)
 Metaspace       used 69448K, committed 70848K, reserved 1114112K
  class space    used 6964K, committed 7552K, reserved 1048576K
}
Event: 215.305 GC heap after
{Heap after GC invocations=710 (full 4):
 PSYoungGen      total 2048K, used 320K [0x00000000d5580000, 0x00000000d5a00000, 0x0000000100000000)
  eden space 1536K, 0% used [0x00000000d5580000,0x00000000d5580000,0x00000000d5700000)
  from space 512K, 62% used [0x00000000d5980000,0x00000000d59d0000,0x00000000d5a00000)
  to   space 512K, 0% used [0x00000000d5900000,0x00000000d5900000,0x00000000d5980000)
 ParOldGen       total 522752K, used 375933K [0x0000000080000000, 0x000000009fe80000, 0x00000000d5580000)
  object space 522752K, 71% used [0x0000000080000000,0x0000000096f1f428,0x000000009fe80000)
 Metaspace       used 69448K, committed 70848K, reserved 1114112K
  class space    used 6964K, committed 7552K, reserved 1048576K
}
Event: 215.330 GC heap before
{Heap before GC invocations=711 (full 4):
 PSYoungGen      total 2048K, used 1856K [0x00000000d5580000, 0x00000000d5a00000, 0x0000000100000000)
  eden space 1536K, 100% used [0x00000000d5580000,0x00000000d5700000,0x00000000d5700000)
  from space 512K, 62% used [0x00000000d5980000,0x00000000d59d0000,0x00000000d5a00000)
  to   space 512K, 0% used [0x00000000d5900000,0x00000000d5900000,0x00000000d5980000)
 ParOldGen       total 522752K, used 375933K [0x0000000080000000, 0x000000009fe80000, 0x00000000d5580000)
  object space 522752K, 71% used [0x0000000080000000,0x0000000096f1f428,0x000000009fe80000)
 Metaspace       used 69477K, committed 70912K, reserved 1114112K
  class space    used 6967K, committed 7552K, reserved 1048576K
}
Event: 215.334 GC heap after
{Heap after GC invocations=711 (full 4):
 PSYoungGen      total 2048K, used 448K [0x00000000d5580000, 0x00000000d5a00000, 0x0000000100000000)
  eden space 1536K, 0% used [0x00000000d5580000,0x00000000d5580000,0x00000000d5700000)
  from space 512K, 87% used [0x00000000d5900000,0x00000000d5970060,0x00000000d5980000)
  to   space 512K, 0% used [0x00000000d5980000,0x00000000d5980000,0x00000000d5a00000)
 ParOldGen       total 522752K, used 376101K [0x0000000080000000, 0x000000009fe80000, 0x00000000d5580000)
  object space 522752K, 71% used [0x0000000080000000,0x0000000096f49428,0x000000009fe80000)
 Metaspace       used 69477K, committed 70912K, reserved 1114112K
  class space    used 6967K, committed 7552K, reserved 1048576K
}
Event: 215.339 GC heap before
{Heap before GC invocations=712 (full 4):
 PSYoungGen      total 2048K, used 1984K [0x00000000d5580000, 0x00000000d5a00000, 0x0000000100000000)
  eden space 1536K, 100% used [0x00000000d5580000,0x00000000d5700000,0x00000000d5700000)
  from space 512K, 87% used [0x00000000d5900000,0x00000000d5970060,0x00000000d5980000)
  to   space 512K, 0% used [0x00000000d5980000,0x00000000d5980000,0x00000000d5a00000)
 ParOldGen       total 522752K, used 376101K [0x0000000080000000, 0x000000009fe80000, 0x00000000d5580000)
  object space 522752K, 71% used [0x0000000080000000,0x0000000096f49428,0x000000009fe80000)
 Metaspace       used 69479K, committed 70912K, reserved 1114112K
  class space    used 6967K, committed 7552K, reserved 1048576K
}
Event: 215.341 GC heap after
{Heap after GC invocations=712 (full 4):
 PSYoungGen      total 2048K, used 496K [0x00000000d5580000, 0x00000000d5a00000, 0x0000000100000000)
  eden space 1536K, 0% used [0x00000000d5580000,0x00000000d5580000,0x00000000d5700000)
  from space 512K, 96% used [0x00000000d5980000,0x00000000d59fc030,0x00000000d5a00000)
  to   space 1024K, 0% used [0x00000000d5800000,0x00000000d5800000,0x00000000d5900000)
 ParOldGen       total 522752K, used 376369K [0x0000000080000000, 0x000000009fe80000, 0x00000000d5580000)
  object space 522752K, 71% used [0x0000000080000000,0x0000000096f8c438,0x000000009fe80000)
 Metaspace       used 69479K, committed 70912K, reserved 1114112K
  class space    used 6967K, committed 7552K, reserved 1048576K
}
Event: 215.345 GC heap before
{Heap before GC invocations=713 (full 4):
 PSYoungGen      total 2048K, used 2032K [0x00000000d5580000, 0x00000000d5a00000, 0x0000000100000000)
  eden space 1536K, 100% used [0x00000000d5580000,0x00000000d5700000,0x00000000d5700000)
  from space 512K, 96% used [0x00000000d5980000,0x00000000d59fc030,0x00000000d5a00000)
  to   space 1024K, 0% used [0x00000000d5800000,0x00000000d5800000,0x00000000d5900000)
 ParOldGen       total 522752K, used 376369K [0x0000000080000000, 0x000000009fe80000, 0x00000000d5580000)
  object space 522752K, 71% used [0x0000000080000000,0x0000000096f8c438,0x000000009fe80000)
 Metaspace       used 69479K, committed 70912K, reserved 1114112K
  class space    used 6967K, committed 7552K, reserved 1048576K
}
Event: 215.347 GC heap after
{Heap after GC invocations=713 (full 4):
 PSYoungGen      total 3072K, used 672K [0x00000000d5580000, 0x00000000d5a00000, 0x0000000100000000)
  eden space 2048K, 0% used [0x00000000d5580000,0x00000000d5580000,0x00000000d5780000)
  from space 1024K, 65% used [0x00000000d5800000,0x00000000d58a8000,0x00000000d5900000)
  to   space 1024K, 0% used [0x00000000d5900000,0x00000000d5900000,0x00000000d5a00000)
 ParOldGen       total 522752K, used 376729K [0x0000000080000000, 0x000000009fe80000, 0x00000000d5580000)
  object space 522752K, 72% used [0x0000000080000000,0x0000000096fe6438,0x000000009fe80000)
 Metaspace       used 69479K, committed 70912K, reserved 1114112K
  class space    used 6967K, committed 7552K, reserved 1048576K
}
Event: 215.356 GC heap before
{Heap before GC invocations=714 (full 4):
 PSYoungGen      total 3072K, used 2720K [0x00000000d5580000, 0x00000000d5a00000, 0x0000000100000000)
  eden space 2048K, 100% used [0x00000000d5580000,0x00000000d5780000,0x00000000d5780000)
  from space 1024K, 65% used [0x00000000d5800000,0x00000000d58a8000,0x00000000d5900000)
  to   space 1024K, 0% used [0x00000000d5900000,0x00000000d5900000,0x00000000d5a00000)
 ParOldGen       total 522752K, used 376729K [0x0000000080000000, 0x000000009fe80000, 0x00000000d5580000)
  object space 522752K, 72% used [0x0000000080000000,0x0000000096fe6438,0x000000009fe80000)
 Metaspace       used 69479K, committed 70912K, reserved 1114112K
  class space    used 6967K, committed 7552K, reserved 1048576K
}
Event: 215.359 GC heap after
{Heap after GC invocations=714 (full 4):
 PSYoungGen      total 3584K, used 528K [0x00000000d5580000, 0x00000000d5a00000, 0x0000000100000000)
  eden space 2560K, 0% used [0x00000000d5580000,0x00000000d5580000,0x00000000d5800000)
  from space 1024K, 51% used [0x00000000d5900000,0x00000000d5984010,0x00000000d5a00000)
  to   space 1024K, 0% used [0x00000000d5800000,0x00000000d5800000,0x00000000d5900000)
 ParOldGen       total 522752K, used 377289K [0x0000000080000000, 0x000000009fe80000, 0x00000000d5580000)
  object space 522752K, 72% used [0x0000000080000000,0x0000000097072438,0x000000009fe80000)
 Metaspace       used 69479K, committed 70912K, reserved 1114112K
  class space    used 6967K, committed 7552K, reserved 1048576K
}
Event: 215.427 GC heap before
{Heap before GC invocations=715 (full 4):
 PSYoungGen      total 3584K, used 3088K [0x00000000d5580000, 0x00000000d5a00000, 0x0000000100000000)
  eden space 2560K, 100% used [0x00000000d5580000,0x00000000d5800000,0x00000000d5800000)
  from space 1024K, 51% used [0x00000000d5900000,0x00000000d5984010,0x00000000d5a00000)
  to   space 1024K, 0% used [0x00000000d5800000,0x00000000d5800000,0x00000000d5900000)
 ParOldGen       total 522752K, used 377289K [0x0000000080000000, 0x000000009fe80000, 0x00000000d5580000)
  object space 522752K, 72% used [0x0000000080000000,0x0000000097072438,0x000000009fe80000)
 Metaspace       used 69559K, committed 71040K, reserved 1114112K
  class space    used 6977K, committed 7616K, reserved 1048576K
}
Event: 215.429 GC heap after
{Heap after GC invocations=715 (full 4):
 PSYoungGen      total 3584K, used 288K [0x00000000d5580000, 0x00000000d5980000, 0x0000000100000000)
  eden space 2560K, 0% used [0x00000000d5580000,0x00000000d5580000,0x00000000d5800000)
  from space 1024K, 28% used [0x00000000d5800000,0x00000000d5848000,0x00000000d5900000)
  to   space 512K, 0% used [0x00000000d5900000,0x00000000d5900000,0x00000000d5980000)
 ParOldGen       total 522752K, used 377601K [0x0000000080000000, 0x000000009fe80000, 0x00000000d5580000)
  object space 522752K, 72% used [0x0000000080000000,0x00000000970c0438,0x000000009fe80000)
 Metaspace       used 69559K, committed 71040K, reserved 1114112K
  class space    used 6977K, committed 7616K, reserved 1048576K
}
Event: 215.492 GC heap before
{Heap before GC invocations=716 (full 4):
 PSYoungGen      total 3584K, used 2847K [0x00000000d5580000, 0x00000000d5980000, 0x0000000100000000)
  eden space 2560K, 99% used [0x00000000d5580000,0x00000000d57fff68,0x00000000d5800000)
  from space 1024K, 28% used [0x00000000d5800000,0x00000000d5848000,0x00000000d5900000)
  to   space 512K, 0% used [0x00000000d5900000,0x00000000d5900000,0x00000000d5980000)
 ParOldGen       total 522752K, used 377601K [0x0000000080000000, 0x000000009fe80000, 0x00000000d5580000)
  object space 522752K, 72% used [0x0000000080000000,0x00000000970c0438,0x000000009fe80000)
 Metaspace       used 69739K, committed 71168K, reserved 1114112K
  class space    used 7001K, committed 7616K, reserved 1048576K
}
Event: 215.494 GC heap after
{Heap after GC invocations=716 (full 4):
 PSYoungGen      total 3072K, used 320K [0x00000000d5580000, 0x00000000d5980000, 0x0000000100000000)
  eden space 2560K, 0% used [0x00000000d5580000,0x00000000d5580000,0x00000000d5800000)
  from space 512K, 62% used [0x00000000d5900000,0x00000000d5950000,0x00000000d5980000)
  to   space 512K, 0% used [0x00000000d5880000,0x00000000d5880000,0x00000000d5900000)
 ParOldGen       total 522752K, used 377729K [0x0000000080000000, 0x000000009fe80000, 0x00000000d5580000)
  object space 522752K, 72% used [0x0000000080000000,0x00000000970e0438,0x000000009fe80000)
 Metaspace       used 69739K, committed 71168K, reserved 1114112K
  class space    used 7001K, committed 7616K, reserved 1048576K
}
Event: 215.572 GC heap before
{Heap before GC invocations=717 (full 4):
 PSYoungGen      total 3072K, used 2880K [0x00000000d5580000, 0x00000000d5980000, 0x0000000100000000)
  eden space 2560K, 100% used [0x00000000d5580000,0x00000000d5800000,0x00000000d5800000)
  from space 512K, 62% used [0x00000000d5900000,0x00000000d5950000,0x00000000d5980000)
  to   space 512K, 0% used [0x00000000d5880000,0x00000000d5880000,0x00000000d5900000)
 ParOldGen       total 522752K, used 377729K [0x0000000080000000, 0x000000009fe80000, 0x00000000d5580000)
  object space 522752K, 72% used [0x0000000080000000,0x00000000970e0438,0x000000009fe80000)
 Metaspace       used 69995K, committed 71488K, reserved 1114112K
  class space    used 7025K, committed 7680K, reserved 1048576K
}
Event: 215.575 GC heap after
{Heap after GC invocations=717 (full 4):
 PSYoungGen      total 3072K, used 293K [0x00000000d5580000, 0x00000000d5980000, 0x0000000100000000)
  eden space 2560K, 0% used [0x00000000d5580000,0x00000000d5580000,0x00000000d5800000)
  from space 512K, 57% used [0x00000000d5880000,0x00000000d58c9420,0x00000000d5900000)
  to   space 512K, 0% used [0x00000000d5900000,0x00000000d5900000,0x00000000d5980000)
 ParOldGen       total 522752K, used 377910K [0x0000000080000000, 0x000000009fe80000, 0x00000000d5580000)
  object space 522752K, 72% used [0x0000000080000000,0x000000009710db60,0x000000009fe80000)
 Metaspace       used 69995K, committed 71488K, reserved 1114112K
  class space    used 7025K, committed 7680K, reserved 1048576K
}
Event: 215.900 GC heap before
{Heap before GC invocations=718 (full 4):
 PSYoungGen      total 3072K, used 2853K [0x00000000d5580000, 0x00000000d5980000, 0x0000000100000000)
  eden space 2560K, 100% used [0x00000000d5580000,0x00000000d5800000,0x00000000d5800000)
  from space 512K, 57% used [0x00000000d5880000,0x00000000d58c9420,0x00000000d5900000)
  to   space 512K, 0% used [0x00000000d5900000,0x00000000d5900000,0x00000000d5980000)
 ParOldGen       total 522752K, used 408630K [0x0000000080000000, 0x000000009fe80000, 0x00000000d5580000)
  object space 522752K, 78% used [0x0000000080000000,0x0000000098f0db90,0x000000009fe80000)
 Metaspace       used 70176K, committed 71616K, reserved 1114112K
  class space    used 7044K, committed 7680K, reserved 1048576K
}
Event: 215.902 GC heap after
{Heap after GC invocations=718 (full 4):
 PSYoungGen      total 3072K, used 256K [0x00000000d5580000, 0x00000000d5980000, 0x0000000100000000)
  eden space 2560K, 0% used [0x00000000d5580000,0x00000000d5580000,0x00000000d5800000)
  from space 512K, 50% used [0x00000000d5900000,0x00000000d5940000,0x00000000d5980000)
  to   space 512K, 0% used [0x00000000d5880000,0x00000000d5880000,0x00000000d5900000)
 ParOldGen       total 522752K, used 408829K [0x0000000080000000, 0x000000009fe80000, 0x00000000d5580000)
  object space 522752K, 78% used [0x0000000080000000,0x0000000098f3f5f0,0x000000009fe80000)
 Metaspace       used 70176K, committed 71616K, reserved 1114112K
  class space    used 7044K, committed 7680K, reserved 1048576K
}
Event: 322.131 GC heap before
{Heap before GC invocations=719 (full 4):
 PSYoungGen      total 3072K, used 2816K [0x00000000d5580000, 0x00000000d5980000, 0x0000000100000000)
  eden space 2560K, 100% used [0x00000000d5580000,0x00000000d5800000,0x00000000d5800000)
  from space 512K, 50% used [0x00000000d5900000,0x00000000d5940000,0x00000000d5980000)
  to   space 512K, 0% used [0x00000000d5880000,0x00000000d5880000,0x00000000d5900000)
 ParOldGen       total 522752K, used 408829K [0x0000000080000000, 0x000000009fe80000, 0x00000000d5580000)
  object space 522752K, 78% used [0x0000000080000000,0x0000000098f3f5f0,0x000000009fe80000)
 Metaspace       used 70359K, committed 71808K, reserved 1114112K
  class space    used 7067K, committed 7680K, reserved 1048576K
}
Event: 322.171 GC heap after
{Heap after GC invocations=719 (full 4):
 PSYoungGen      total 3072K, used 256K [0x00000000d5580000, 0x00000000d5980000, 0x0000000100000000)
  eden space 2560K, 0% used [0x00000000d5580000,0x00000000d5580000,0x00000000d5800000)
  from space 512K, 50% used [0x00000000d5880000,0x00000000d58c0000,0x00000000d5900000)
  to   space 512K, 0% used [0x00000000d5900000,0x00000000d5900000,0x00000000d5980000)
 ParOldGen       total 522752K, used 408917K [0x0000000080000000, 0x000000009fe80000, 0x00000000d5580000)
  object space 522752K, 78% used [0x0000000080000000,0x0000000098f555f0,0x000000009fe80000)
 Metaspace       used 70359K, committed 71808K, reserved 1114112K
  class space    used 7067K, committed 7680K, reserved 1048576K
}

