# JRE version: OpenJDK Runtime Environment Temurin-21.0.10+7 (21.0.10+7) (build 21.0.10+7-LTS)
# Java VM: OpenJDK 64-Bit Server VM Temurin-21.0.10+7 (21.0.10+7-LTS, mixed mode, sharing, tiered, compressed oops, compressed class ptrs, parallel gc, windows-amd64)
GC Precious Log:
 CardTable entry size: 512
 CPUs: 8 total, 8 available
 Memory: 7873M
 Large Page Support: Disabled
 NUMA Support: Disabled
 Compressed Oops: Enabled (32-bit)
 Alignments: Space 512K, Generation 512K, Heap 2M
 Heap Min Capacity: 100M
 Heap Initial Capacity: 100M
 Heap Max Capacity: 2G
 Pre-touch: Disabled
 Parallel Workers: 8
Heap:
 PSYoungGen      total 5120K, used 4576K [0x00000000d5580000, 0x00000000d5b80000, 0x0000000100000000)
  eden space 4096K, 100% used [0x00000000d5580000,0x00000000d5980000,0x00000000d5980000)
  from space 1024K, 46% used [0x00000000d5a80000,0x00000000d5af8000,0x00000000d5b80000)
  to   space 1024K, 0% used [0x00000000d5980000,0x00000000d5980000,0x00000000d5a80000)
 ParOldGen       total 423424K, used 423003K [0x0000000080000000, 0x0000000099d80000, 0x00000000d5580000)
  object space 423424K, 99% used [0x0000000080000000,0x0000000099d16ff8,0x0000000099d80000)
 Metaspace       used 65320K, committed 66752K, reserved 1114112K
  class space    used 6697K, committed 7296K, reserved 1048576K
GC Heap History (20 events):
Event: 36.266 GC heap after
{Heap after GC invocations=712 (full 3):
 PSYoungGen      total 4096K, used 448K [0x00000000d5580000, 0x00000000d5a80000, 0x0000000100000000)
  eden space 3072K, 0% used [0x00000000d5580000,0x00000000d5580000,0x00000000d5880000)
  from space 1024K, 43% used [0x00000000d5880000,0x00000000d58f0000,0x00000000d5980000)
  to   space 1024K, 0% used [0x00000000d5980000,0x00000000d5980000,0x00000000d5a80000)
 ParOldGen       total 418304K, used 417908K [0x0000000080000000, 0x0000000099880000, 0x00000000d5580000)
  object space 418304K, 99% used [0x0000000080000000,0x000000009981d108,0x0000000099880000)
 Metaspace       used 65312K, committed 66752K, reserved 1114112K
  class space    used 6697K, committed 7296K, reserved 1048576K
}
Event: 36.281 GC heap before
{Heap before GC invocations=713 (full 3):
 PSYoungGen      total 4096K, used 3520K [0x00000000d5580000, 0x00000000d5a80000, 0x0000000100000000)
  eden space 3072K, 100% used [0x00000000d5580000,0x00000000d5880000,0x00000000d5880000)
  from space 1024K, 43% used [0x00000000d5880000,0x00000000d58f0000,0x00000000d5980000)
  to   space 1024K, 0% used [0x00000000d5980000,0x00000000d5980000,0x00000000d5a80000)
 ParOldGen       total 418304K, used 417908K [0x0000000080000000, 0x0000000099880000, 0x00000000d5580000)
  object space 418304K, 99% used [0x0000000080000000,0x000000009981d108,0x0000000099880000)
 Metaspace       used 65312K, committed 66752K, reserved 1114112K
  class space    used 6697K, committed 7296K, reserved 1048576K
}
Event: 36.284 GC heap after
{Heap after GC invocations=713 (full 3):
 PSYoungGen      total 3584K, used 448K [0x00000000d5580000, 0x00000000d5a00000, 0x0000000100000000)
  eden space 3072K, 0% used [0x00000000d5580000,0x00000000d5580000,0x00000000d5880000)
  from space 512K, 87% used [0x00000000d5980000,0x00000000d59f0000,0x00000000d5a00000)
  to   space 512K, 0% used [0x00000000d5900000,0x00000000d5900000,0x00000000d5980000)
 ParOldGen       total 418304K, used 418268K [0x0000000080000000, 0x0000000099880000, 0x00000000d5580000)
  object space 418304K, 99% used [0x0000000080000000,0x0000000099877108,0x0000000099880000)
 Metaspace       used 65312K, committed 66752K, reserved 1114112K
  class space    used 6697K, committed 7296K, reserved 1048576K
}
Event: 36.296 GC heap before
{Heap before GC invocations=714 (full 3):
 PSYoungGen      total 3584K, used 3520K [0x00000000d5580000, 0x00000000d5a00000, 0x0000000100000000)
  eden space 3072K, 100% used [0x00000000d5580000,0x00000000d5880000,0x00000000d5880000)
  from space 512K, 87% used [0x00000000d5980000,0x00000000d59f0000,0x00000000d5a00000)
  to   space 512K, 0% used [0x00000000d5900000,0x00000000d5900000,0x00000000d5980000)
 ParOldGen       total 418304K, used 418268K [0x0000000080000000, 0x0000000099880000, 0x00000000d5580000)
  object space 418304K, 99% used [0x0000000080000000,0x0000000099877108,0x0000000099880000)
 Metaspace       used 65312K, committed 66752K, reserved 1114112K
  class space    used 6697K, committed 7296K, reserved 1048576K
}
Event: 36.299 GC heap after
{Heap after GC invocations=714 (full 3):
 PSYoungGen      total 3584K, used 372K [0x00000000d5580000, 0x00000000d5a00000, 0x0000000100000000)
  eden space 3072K, 0% used [0x00000000d5580000,0x00000000d5580000,0x00000000d5880000)
  from space 512K, 72% used [0x00000000d5900000,0x00000000d595d190,0x00000000d5980000)
  to   space 512K, 0% used [0x00000000d5980000,0x00000000d5980000,0x00000000d5a00000)
 ParOldGen       total 418816K, used 418604K [0x0000000080000000, 0x0000000099900000, 0x00000000d5580000)
  object space 418816K, 99% used [0x0000000080000000,0x00000000998cb108,0x0000000099900000)
 Metaspace       used 65312K, committed 66752K, reserved 1114112K
  class space    used 6697K, committed 7296K, reserved 1048576K
}
Event: 36.311 GC heap before
{Heap before GC invocations=715 (full 3):
 PSYoungGen      total 3584K, used 3444K [0x00000000d5580000, 0x00000000d5a00000, 0x0000000100000000)
  eden space 3072K, 100% used [0x00000000d5580000,0x00000000d5880000,0x00000000d5880000)
  from space 512K, 72% used [0x00000000d5900000,0x00000000d595d190,0x00000000d5980000)
  to   space 512K, 0% used [0x00000000d5980000,0x00000000d5980000,0x00000000d5a00000)
 ParOldGen       total 418816K, used 418604K [0x0000000080000000, 0x0000000099900000, 0x00000000d5580000)
  object space 418816K, 99% used [0x0000000080000000,0x00000000998cb108,0x0000000099900000)
 Metaspace       used 65313K, committed 66752K, reserved 1114112K
  class space    used 6697K, committed 7296K, reserved 1048576K
}
Event: 36.313 GC heap after
{Heap after GC invocations=715 (full 3):
 PSYoungGen      total 3584K, used 489K [0x00000000d5580000, 0x00000000d5a80000, 0x0000000100000000)
  eden space 3072K, 0% used [0x00000000d5580000,0x00000000d5580000,0x00000000d5880000)
  from space 512K, 95% used [0x00000000d5980000,0x00000000d59fa7b8,0x00000000d5a00000)
  to   space 1024K, 0% used [0x00000000d5880000,0x00000000d5880000,0x00000000d5980000)
 ParOldGen       total 419328K, used 418932K [0x0000000080000000, 0x0000000099980000, 0x00000000d5580000)
  object space 419328K, 99% used [0x0000000080000000,0x000000009991d108,0x0000000099980000)
 Metaspace       used 65313K, committed 66752K, reserved 1114112K
  class space    used 6697K, committed 7296K, reserved 1048576K
}
Event: 36.327 GC heap before
{Heap before GC invocations=716 (full 3):
 PSYoungGen      total 3584K, used 3561K [0x00000000d5580000, 0x00000000d5a80000, 0x0000000100000000)
  eden space 3072K, 100% used [0x00000000d5580000,0x00000000d5880000,0x00000000d5880000)
  from space 512K, 95% used [0x00000000d5980000,0x00000000d59fa7b8,0x00000000d5a00000)
  to   space 1024K, 0% used [0x00000000d5880000,0x00000000d5880000,0x00000000d5980000)
 ParOldGen       total 419328K, used 418932K [0x0000000080000000, 0x0000000099980000, 0x00000000d5580000)
  object space 419328K, 99% used [0x0000000080000000,0x000000009991d108,0x0000000099980000)
 Metaspace       used 65314K, committed 66752K, reserved 1114112K
  class space    used 6697K, committed 7296K, reserved 1048576K
}
Event: 36.331 GC heap after
{Heap after GC invocations=716 (full 3):
 PSYoungGen      total 4096K, used 675K [0x00000000d5580000, 0x00000000d5a80000, 0x0000000100000000)
  eden space 3072K, 0% used [0x00000000d5580000,0x00000000d5580000,0x00000000d5880000)
  from space 1024K, 65% used [0x00000000d5880000,0x00000000d5928d98,0x00000000d5980000)
  to   space 1024K, 0% used [0x00000000d5980000,0x00000000d5980000,0x00000000d5a80000)
 ParOldGen       total 419840K, used 419372K [0x0000000080000000, 0x0000000099a00000, 0x00000000d5580000)
  object space 419840K, 99% used [0x0000000080000000,0x000000009998b108,0x0000000099a00000)
 Metaspace       used 65314K, committed 66752K, reserved 1114112K
  class space    used 6697K, committed 7296K, reserved 1048576K
}
Event: 36.347 GC heap before
{Heap before GC invocations=717 (full 3):
 PSYoungGen      total 4096K, used 3747K [0x00000000d5580000, 0x00000000d5a80000, 0x0000000100000000)
  eden space 3072K, 100% used [0x00000000d5580000,0x00000000d5880000,0x00000000d5880000)
  from space 1024K, 65% used [0x00000000d5880000,0x00000000d5928d98,0x00000000d5980000)
  to   space 1024K, 0% used [0x00000000d5980000,0x00000000d5980000,0x00000000d5a80000)
 ParOldGen       total 419840K, used 419372K [0x0000000080000000, 0x0000000099a00000, 0x00000000d5580000)
  object space 419840K, 99% used [0x0000000080000000,0x000000009998b108,0x0000000099a00000)
 Metaspace       used 65315K, committed 66752K, reserved 1114112K
  class space    used 6697K, committed 7296K, reserved 1048576K
}
Event: 36.350 GC heap after
{Heap after GC invocations=717 (full 3):
 PSYoungGen      total 4096K, used 576K [0x00000000d5580000, 0x00000000d5a80000, 0x0000000100000000)
  eden space 3072K, 0% used [0x00000000d5580000,0x00000000d5580000,0x00000000d5880000)
  from space 1024K, 56% used [0x00000000d5980000,0x00000000d5a10000,0x00000000d5a80000)
  to   space 1024K, 0% used [0x00000000d5880000,0x00000000d5880000,0x00000000d5980000)
 ParOldGen       total 419840K, used 419780K [0x0000000080000000, 0x0000000099a00000, 0x00000000d5580000)
  object space 419840K, 99% used [0x0000000080000000,0x00000000999f1108,0x0000000099a00000)
 Metaspace       used 65315K, committed 66752K, reserved 1114112K
  class space    used 6697K, committed 7296K, reserved 1048576K
}
Event: 36.359 GC heap before
{Heap before GC invocations=718 (full 3):
 PSYoungGen      total 4096K, used 3647K [0x00000000d5580000, 0x00000000d5a80000, 0x0000000100000000)
  eden space 3072K, 99% used [0x00000000d5580000,0x00000000d587fff8,0x00000000d5880000)
  from space 1024K, 56% used [0x00000000d5980000,0x00000000d5a10000,0x00000000d5a80000)
  to   space 1024K, 0% used [0x00000000d5880000,0x00000000d5880000,0x00000000d5980000)
 ParOldGen       total 419840K, used 419780K [0x0000000080000000, 0x0000000099a00000, 0x00000000d5580000)
  object space 419840K, 99% used [0x0000000080000000,0x00000000999f1108,0x0000000099a00000)
 Metaspace       used 65315K, committed 66752K, reserved 1114112K
  class space    used 6697K, committed 7296K, reserved 1048576K
}
Event: 36.363 GC heap after
{Heap after GC invocations=718 (full 3):
 PSYoungGen      total 4096K, used 805K [0x00000000d5580000, 0x00000000d5a80000, 0x0000000100000000)
  eden space 3072K, 0% used [0x00000000d5580000,0x00000000d5580000,0x00000000d5880000)
  from space 1024K, 78% used [0x00000000d5880000,0x00000000d59494b0,0x00000000d5980000)
  to   space 1024K, 0% used [0x00000000d5980000,0x00000000d5980000,0x00000000d5a80000)
 ParOldGen       total 420352K, used 420220K [0x0000000080000000, 0x0000000099a80000, 0x00000000d5580000)
  object space 420352K, 99% used [0x0000000080000000,0x0000000099a5f108,0x0000000099a80000)
 Metaspace       used 65315K, committed 66752K, reserved 1114112K
  class space    used 6697K, committed 7296K, reserved 1048576K
}
Event: 36.376 GC heap before
{Heap before GC invocations=719 (full 3):
 PSYoungGen      total 4096K, used 3877K [0x00000000d5580000, 0x00000000d5a80000, 0x0000000100000000)
  eden space 3072K, 100% used [0x00000000d5580000,0x00000000d5880000,0x00000000d5880000)
  from space 1024K, 78% used [0x00000000d5880000,0x00000000d59494b0,0x00000000d5980000)
  to   space 1024K, 0% used [0x00000000d5980000,0x00000000d5980000,0x00000000d5a80000)
 ParOldGen       total 420352K, used 420220K [0x0000000080000000, 0x0000000099a80000, 0x00000000d5580000)
  object space 420352K, 99% used [0x0000000080000000,0x0000000099a5f108,0x0000000099a80000)
 Metaspace       used 65319K, committed 66752K, reserved 1114112K
  class space    used 6697K, committed 7296K, reserved 1048576K
}
Event: 36.380 GC heap after
{Heap after GC invocations=719 (full 3):
 PSYoungGen      total 4096K, used 576K [0x00000000d5580000, 0x00000000d5a80000, 0x0000000100000000)
  eden space 3072K, 0% used [0x00000000d5580000,0x00000000d5580000,0x00000000d5880000)
  from space 1024K, 56% used [0x00000000d5980000,0x00000000d5a10000,0x00000000d5a80000)
  to   space 1024K, 0% used [0x00000000d5880000,0x00000000d5880000,0x00000000d5980000)
 ParOldGen       total 420864K, used 420744K [0x0000000080000000, 0x0000000099b00000, 0x00000000d5580000)
  object space 420864K, 99% used [0x0000000080000000,0x0000000099ae2310,0x0000000099b00000)
 Metaspace       used 65319K, committed 66752K, reserved 1114112K
  class space    used 6697K, committed 7296K, reserved 1048576K
}
Event: 36.394 GC heap before
{Heap before GC invocations=720 (full 3):
 PSYoungGen      total 4096K, used 3648K [0x00000000d5580000, 0x00000000d5a80000, 0x0000000100000000)
  eden space 3072K, 100% used [0x00000000d5580000,0x00000000d5880000,0x00000000d5880000)
  from space 1024K, 56% used [0x00000000d5980000,0x00000000d5a10000,0x00000000d5a80000)
  to   space 1024K, 0% used [0x00000000d5880000,0x00000000d5880000,0x00000000d5980000)
 ParOldGen       total 420864K, used 420744K [0x0000000080000000, 0x0000000099b00000, 0x00000000d5580000)
  object space 420864K, 99% used [0x0000000080000000,0x0000000099ae2310,0x0000000099b00000)
 Metaspace       used 65319K, committed 66752K, reserved 1114112K
  class space    used 6697K, committed 7296K, reserved 1048576K
}
Event: 36.397 GC heap after
{Heap after GC invocations=720 (full 3):
 PSYoungGen      total 4096K, used 667K [0x00000000d5580000, 0x00000000d5a80000, 0x0000000100000000)
  eden space 3072K, 0% used [0x00000000d5580000,0x00000000d5580000,0x00000000d5880000)
  from space 1024K, 65% used [0x00000000d5880000,0x00000000d5926ef0,0x00000000d5980000)
  to   space 1024K, 0% used [0x00000000d5980000,0x00000000d5980000,0x00000000d5a80000)
 ParOldGen       total 421376K, used 421208K [0x0000000080000000, 0x0000000099b80000, 0x00000000d5580000)
  object space 421376K, 99% used [0x0000000080000000,0x0000000099b56310,0x0000000099b80000)
 Metaspace       used 65319K, committed 66752K, reserved 1114112K
  class space    used 6697K, committed 7296K, reserved 1048576K
}
Event: 36.412 GC heap before
{Heap before GC invocations=721 (full 3):
 PSYoungGen      total 4096K, used 3739K [0x00000000d5580000, 0x00000000d5a80000, 0x0000000100000000)
  eden space 3072K, 100% used [0x00000000d5580000,0x00000000d5880000,0x00000000d5880000)
  from space 1024K, 65% used [0x00000000d5880000,0x00000000d5926ef0,0x00000000d5980000)
  to   space 1024K, 0% used [0x00000000d5980000,0x00000000d5980000,0x00000000d5a80000)
 ParOldGen       total 421376K, used 421208K [0x0000000080000000, 0x0000000099b80000, 0x00000000d5580000)
  object space 421376K, 99% used [0x0000000080000000,0x0000000099b56310,0x0000000099b80000)
 Metaspace       used 65319K, committed 66752K, reserved 1114112K
  class space    used 6697K, committed 7296K, reserved 1048576K
}
Event: 36.415 GC heap after
{Heap after GC invocations=721 (full 3):
 PSYoungGen      total 4096K, used 883K [0x00000000d5580000, 0x00000000d5a80000, 0x0000000100000000)
  eden space 3072K, 0% used [0x00000000d5580000,0x00000000d5580000,0x00000000d5880000)
  from space 1024K, 86% used [0x00000000d5980000,0x00000000d5a5ce70,0x00000000d5a80000)
  to   space 1024K, 0% used [0x00000000d5880000,0x00000000d5880000,0x00000000d5980000)
 ParOldGen       total 421888K, used 421616K [0x0000000080000000, 0x0000000099c00000, 0x00000000d5580000)
  object space 421888K, 99% used [0x0000000080000000,0x0000000099bbc310,0x0000000099c00000)
 Metaspace       used 65319K, committed 66752K, reserved 1114112K
  class space    used 6697K, committed 7296K, reserved 1048576K
}
Event: 36.429 GC heap before
{Heap before GC invocations=722 (full 3):
 PSYoungGen      total 4096K, used 3955K [0x00000000d5580000, 0x00000000d5a80000, 0x0000000100000000)
  eden space 3072K, 100% used [0x00000000d5580000,0x00000000d5880000,0x00000000d5880000)
  from space 1024K, 86% used [0x00000000d5980000,0x00000000d5a5ce70,0x00000000d5a80000)
  to   space 1024K, 0% used [0x00000000d5880000,0x00000000d5880000,0x00000000d5980000)
 ParOldGen       total 421888K, used 421616K [0x0000000080000000, 0x0000000099c00000, 0x00000000d5580000)
  object space 421888K, 99% used [0x0000000080000000,0x0000000099bbc310,0x0000000099c00000)
 Metaspace       used 65319K, committed 66752K, reserved 1114112K
  class space    used 6697K, committed 7296K, reserved 1048576K
}

